app/build/intermediates/manifest_merge_blame_file/debug/manifest-merger-blame-debug-report.txt
1<?xml version="1.0" encoding="utf-8"?>
2<manifest xmlns:android="http://schemas.android.com/apk/res/android"
3    package="es.upm.etsiinf.upmnews"
4    android:versionCode="1"
5    android:versionName="1.0" >
6
7    <uses-sdk
8        android:minSdkVersion="27"
8-->src\main\AndroidManifest.xml
9        android:targetSdkVersion="28" />
9-->src\main\AndroidManifest.xml
10
11    <uses-permission android:name="android.permission.READ_EXTERNAL_STORAGE" />
11-->src\main\AndroidManifest.xml:25:5-80
11-->src\main\AndroidManifest.xml:25:22-77
12    <uses-permission android:name="android.permission.INTERNET" />
12-->src\main\AndroidManifest.xml:26:5-67
12-->src\main\AndroidManifest.xml:26:22-64
13    <uses-permission android:name="android.permission.RECEIVE_BOOT_COMPLETED" />
13-->src\main\AndroidManifest.xml:27:5-81
13-->src\main\AndroidManifest.xml:27:22-78
14
15    <application
15-->src\main\AndroidManifest.xml:5:5-24:19
16        android:allowBackup="true"
16-->src\main\AndroidManifest.xml:6:9-35
17        android:appComponentFactory="androidx.core.app.CoreComponentFactory"
17-->[androidx.core:core:1.1.0] AndroidManifest.xml:24:18-86
18        android:debuggable="true"
19        android:extractNativeLibs="false"
20        android:icon="@mipmap/launcher_icon"
20-->src\main\AndroidManifest.xml:7:9-45
21        android:label="@string/app_name"
21-->src\main\AndroidManifest.xml:8:9-41
22        android:roundIcon="@mipmap/launcher_icon_round"
22-->src\main\AndroidManifest.xml:9:9-56
23        android:supportsRtl="true"
23-->src\main\AndroidManifest.xml:10:9-35
24        android:testOnly="true"
25        android:theme="@style/AppTheme" >
25-->src\main\AndroidManifest.xml:11:9-40
26        <activity android:name="es.upm.etsiinf.upmnews.MainActivity" >
26-->src\main\AndroidManifest.xml:12:9-18:20
26-->src\main\AndroidManifest.xml:12:19-47
27            <intent-filter>
27-->src\main\AndroidManifest.xml:13:13-17:29
28                <action android:name="android.intent.action.MAIN" />
28-->src\main\AndroidManifest.xml:14:17-69
28-->src\main\AndroidManifest.xml:14:25-66
29
30                <category android:name="android.intent.category.LAUNCHER" />
30-->src\main\AndroidManifest.xml:16:17-77
30-->src\main\AndroidManifest.xml:16:27-74
31            </intent-filter>
32        </activity>
33        <activity android:name="es.upm.etsiinf.upmnews.DetailsScreen" />
33-->src\main\AndroidManifest.xml:19:9-51
33-->src\main\AndroidManifest.xml:19:19-48
34        <activity android:name="es.upm.etsiinf.upmnews.EditCreateForm" />
34-->src\main\AndroidManifest.xml:20:9-52
34-->src\main\AndroidManifest.xml:20:19-49
35
36        <service
36-->src\main\AndroidManifest.xml:21:9-23:71
37            android:name="es.upm.etsiinf.upmnews.utils.NotificationJobService"
37-->src\main\AndroidManifest.xml:21:18-62
38            android:label="Notifications"
38-->src\main\AndroidManifest.xml:22:13-42
39            android:permission="android.permission.BIND_JOB_SERVICE" />
39-->src\main\AndroidManifest.xml:23:13-69
40    </application>
41
42</manifest>